WARNING: A terminally deprecated method in sun.misc.Unsafe has been called
WARNING: sun.misc.Unsafe::arrayBaseOffset has been called by org.agrona.UnsafeAccess (file:/Users/tombrooke/.m2/repository/org/agrona/agrona/1.16.0/agrona-1.16.0.jar)
WARNING: Please consider reporting this to the maintainers of class org.agrona.UnsafeAccess
WARNING: sun.misc.Unsafe::arrayBaseOffset will be removed in a future release
[main] INFO admin.com - starting: com.biffweb$use_aero_config@40e57ed0
[main] INFO admin.com - starting: com.biffweb$use_xtdb@edec72f
WARNING: A restricted method in java.lang.System has been called
WARNING: java.lang.System::loadLibrary has been called by org.rocksdb.NativeLibraryLoader in an unnamed module (file:/Users/tombrooke/.m2/repository/org/rocksdb/rocksdbjni/7.7.3/rocksdbjni-7.7.3.jar)
WARNING: Use --enable-native-access=ALL-UNNAMED to avoid a warning for callers in this module
WARNING: Restricted methods will be blocked in a future release unless native access is enabled

Execution error (RocksDBException) at org.rocksdb.RocksDB/open (RocksDB.java:-2).
While lock file: /Users/tombrooke/Code/trust-server/church-website/services/Mtz-Biff/storage/xtdb/index/LOCK: Resource temporarily unavailable

Full report at:
/var/folders/l5/4vp3g_5s67n57_8473k8_0xh0000gn/T/clojure-13378200331871958918.edn
ffweb$use_xtdb_tx_listener@7d51f106
[main] INFO admin.com - starting: com.biffweb$use_htmx_refresh@32da4a36
[main] INFO admin.com - starting: com.biffweb$use_jetty@29bcf902
[main] INFO org.eclipse.jetty.server.Server - jetty-10.0.7; built: 2021-10-06T19:34:02.766Z; git: da8a4553af9dd84080931fa0f8c678cd2d60f3d9; jvm 24.0.2
[main] INFO org.eclipse.jetty.server.handler.ContextHandler - Started o.e.j.s.ServletContextHandler@49c47c1b{/,null,AVAILABLE}
[main] INFO org.eclipse.jetty.server.AbstractConnector - Started ServerConnector@6ff74f1b{HTTP/1.1, (http/1.1)}{localhost:8082}
[main] INFO org.eclipse.jetty.server.Server - Started Server@68e04bcf{STARTING}[10.0.7,sto=0] @9774ms
[main] INFO com.biffweb.impl.misc - Jetty running on http://localhost:8082
[main] INFO admin.com - starting: com.biffweb$use_chime@a9c481a
[main] INFO admin.com - starting: com.biffweb$use_beholder@3802a862
[main] INFO admin.com - System started.
[main] INFO admin.com - Go to http://localhost:8082
[chime-1] INFO admin.com.worker - There are 0 users.
nREPL server started on port 7889 on host localhost - nrepl://localhost:7889
[qtp915773736-48] INFO com.biffweb.impl.middleware -  88ms 200 get  /
[qtp915773736-43] INFO com.biffweb.impl.middleware -  50ms 200 get  /css/main.css?t=1755736247000
[qtp915773736-42] INFO com.biffweb.impl.middleware -  22ms 200 get  /js/main.js?t=1755719118000
[qtp915773736-47] INFO com.biffweb.impl.middleware -   0ms 200 get  /img/glider.png
[qtp915773736-41] INFO com.biffweb.impl.middleware -   8ms 303 get  /posts
[qtp915773736-48] INFO com.biffweb.impl.middleware -   1ms 303 get  /app
[qtp915773736-47] INFO com.biffweb.impl.middleware -   0ms 303 get  /posts
[qtp915773736-68] INFO com.biffweb.impl.middleware -   3ms 303 get  /database-test
[chime-1] INFO admin.com.worker - There are 0 users.
[chime-1] INFO admin.com.worker - There are 0 users.
[chime-1] INFO admin.com.worker - There are 0 users.
[chime-1] INFO admin.com.worker - There are 0 users.
[chime-1] INFO admin.com.worker - There are 0 users.
[chime-1] INFO admin.com.worker - There are 0 users.
[chime-1] INFO admin.com.worker - There are 0 users.
[chime-1] INFO admin.com.worker - There are 0 users.
[chime-1] INFO admin.com.worker - There are 0 users.
[chime-1] INFO admin.com.worker - There are 0 users.
[chime-1] INFO admin.com.worker - There are 0 users.
[chime-1] INFO admin.com.worker - There are 0 users.
[chime-1] INFO admin.com.worker - There are 0 users.
[chime-1] INFO admin.com.worker - There are 0 users.
[chime-1] INFO admin.com.worker - There are 0 users.
[chime-1] INFO admin.com.worker - There are 0 users.
[chime-1] INFO admin.com.worker - There are 0 users.
[chime-1] INFO admin.com.worker - There are 0 users.
[chime-1] INFO admin.com.worker - There are 0 users.
[chime-1] INFO admin.com.worker - There are 0 users.
[chime-1] INFO admin.com.worker - There are 0 users.
[chime-1] INFO admin.com.worker - There are 0 users.
[chime-1] INFO admin.com.worker - There are 0 users.
[chime-1] INFO admin.com.worker - There are 0 users.
[chime-1] INFO admin.com.worker - There are 0 users.
[chime-1] INFO admin.com.worker - There are 0 users.
[chime-1] INFO admin.com.worker - There are 0 users.
[chime-1] INFO admin.com.worker - There are 0 users.
[chime-1] INFO admin.com.worker - There are 0 users.
[chime-1] INFO admin.com.worker - There are 0 users.
[chime-1] INFO admin.com.worker - There are 0 users.
[chime-1] INFO admin.com.worker - There are 0 users.
[chime-1] INFO admin.com.worker - There are 0 users.
[chime-1] INFO admin.com.worker - There are 0 users.
[chime-1] INFO admin.com.worker - There are 0 users.
[chime-1] INFO admin.com.worker - There are 0 users.
[chime-1] INFO admin.com.worker - There are 0 users.
[chime-1] INFO admin.com.worker - There are 0 users.
[chime-1] INFO admin.com.worker - There are 0 users.
[chime-1] INFO admin.com.worker - There are 0 users.
[chime-1] INFO admin.com.worker - There are 0 users.
[chime-1] INFO admin.com.worker - There are 0 users.
[chime-1] INFO admin.com.worker - There are 0 users.
[chime-1] INFO admin.com.worker - There are 0 users.
[chime-1] INFO admin.com.worker - There are 0 users.
[chime-1] INFO admin.com.worker - There are 0 users.
[chime-1] INFO admin.com.worker - There are 0 users.
[chime-1] INFO admin.com.worker - There are 0 users.
[chime-1] INFO admin.com.worker - There are 0 users.
[chime-1] INFO admin.com.worker - There are 0 users.
[chime-1] INFO admin.com.worker - There are 0 users.
[chime-1] INFO admin.com.worker - There are 0 users.
[chime-1] INFO admin.com.worker - There are 0 users.
[chime-1] INFO admin.com.worker - There are 0 users.
[chime-1] INFO admin.com.worker - There are 0 users.
[chime-1] INFO admin.com.worker - There are 0 users.
[chime-1] INFO admin.com.worker - There are 0 users.
[chime-1] INFO admin.com.worker - There are 0 users.
[chime-1] INFO admin.com.worker - There are 0 users.
[chime-1] INFO admin.com.worker - There are 0 users.
[chime-1] INFO admin.com.worker - There are 0 users.
[chime-1] INFO admin.com.worker - There are 0 users.
[chime-1] INFO admin.com.worker - There are 0 users.
[chime-1] INFO admin.com.worker - There are 0 users.
[chime-1] INFO admin.com.worker - There are 0 users.
[chime-1] INFO admin.com.worker - There are 0 users.
[chime-1] INFO admin.com.worker - There are 0 users.
[chime-1] INFO admin.com.worker - There are 0 users.
[chime-1] INFO admin.com.worker - There are 0 users.
[chime-1] INFO admin.com.worker - There are 0 users.
[chime-1] INFO admin.com.worker - There are 0 users.
[chime-1] INFO admin.com.worker - There are 0 users.
[chime-1] INFO admin.com.worker - There are 0 users.
[chime-1] INFO admin.com.worker - There are 0 users.
[chime-1] INFO admin.com.worker - There are 0 users.
[chime-1] INFO admin.com.worker - There are 0 users.
[chime-1] INFO admin.com.worker - There are 0 users.
[chime-1] INFO admin.com.worker - There are 0 users.
[chime-1] INFO admin.com.worker - There are 0 users.
[chime-1] INFO admin.com.worker - There are 0 users.
[chime-1] INFO admin.com.worker - There are 0 users.
[chime-1] INFO admin.com.worker - There are 0 users.
[chime-1] INFO admin.com.worker - There are 0 users.
[chime-1] INFO admin.com.worker - There are 0 users.
[chime-1] INFO admin.com.worker - There are 0 users.
[chime-1] INFO admin.com.worker - There are 0 users.
[chime-1] INFO admin.com.worker - There are 0 users.
[chime-1] INFO admin.com.worker - There are 0 users.
[chime-1] INFO admin.com.worker - There are 0 users.
[chime-1] INFO admin.com.worker - There are 0 users.
[chime-1] INFO admin.com.worker - There are 0 users.
[chime-1] INFO admin.com.worker - There are 0 users.
[chime-1] INFO admin.com.worker - There are 0 users.
[chime-1] INFO admin.com.worker - There are 0 users.
[chime-1] INFO admin.com.worker - There are 0 users.
[chime-1] INFO admin.com.worker - There are 0 users.
[chime-1] INFO admin.com.worker - There are 0 users.
[chime-1] INFO admin.com.worker - There are 0 users.
[chime-1] INFO admin.com.worker - There are 0 users.
[chime-1] INFO admin.com.worker - There are 0 users.
[chime-1] INFO admin.com.worker - There are 0 users.
[chime-1] INFO admin.com.worker - There are 0 users.
[chime-1] INFO admin.com.worker - There are 0 users.
[chime-1] INFO admin.com.worker - There are 0 users.
[chime-1] INFO admin.com.worker - There are 0 users.
[chime-1] INFO admin.com.worker - There are 0 users.
[chime-1] INFO admin.com.worker - There are 0 users.
[chime-1] INFO admin.com.worker - There are 0 users.
[chime-1] INFO admin.com.worker - There are 0 users.
[chime-1] INFO admin.com.worker - There are 0 users.
[chime-1] INFO admin.com.worker - There are 0 users.
[chime-1] INFO admin.com.worker - There are 0 users.
[chime-1] INFO admin.com.worker - There are 0 users.
[chime-1] INFO admin.com.worker - There are 0 users.
[chime-1] INFO admin.com.worker - There are 0 users.
[chime-1] INFO admin.com.worker - There are 0 users.
[chime-1] INFO admin.com.worker - There are 0 users.
[chime-1] INFO admin.com.worker - There are 0 users.
[chime-1] INFO admin.com.worker - There are 0 users.
[chime-1] INFO admin.com.worker - There are 0 users.
[chime-1] INFO admin.com.worker - There are 0 users.
[chime-1] INFO admin.com.worker - There are 0 users.
[chime-1] INFO admin.com.worker - There are 0 users.
[chime-1] INFO admin.com.worker - There are 0 users.
[chime-1] INFO admin.com.worker - There are 0 users.
[qtp915773736-45] INFO com.biffweb.impl.middleware -  13ms 200 get  /img/glider.png
[qtp915773736-41] INFO com.biffweb.impl.middleware -  20ms 404 get  /uploads
[chime-1] INFO admin.com.worker - There are 0 users.
[chime-1] INFO admin.com.worker - There are 0 users.
[chime-1] INFO admin.com.worker - There are 0 users.
[chime-1] INFO admin.com.worker - There are 0 users.
[chime-1] INFO admin.com.worker - There are 0 users.
[chime-1] INFO admin.com.worker - There are 0 users.
[chime-1] INFO admin.com.worker - There are 0 users.
[chime-1] INFO admin.com.worker - There are 0 users.
[chime-1] INFO admin.com.worker - There are 0 users.
[chime-1] INFO admin.com.worker - There are 0 users.
[chime-1] INFO admin.com.worker - There are 0 users.
[chime-1] INFO admin.com.worker - There are 0 users.
[chime-1] INFO admin.com.worker - There are 0 users.
[chime-1] INFO admin.com.worker - There are 0 users.
[chime-1] INFO admin.com.worker - There are 0 users.
[chime-1] INFO admin.com.worker - There are 0 users.
[chime-1] INFO admin.com.worker - There are 0 users.
[chime-1] INFO admin.com.worker - There are 0 users.
[chime-1] INFO admin.com.worker - There are 0 users.
[chime-1] INFO admin.com.worker - There are 0 users.
[chime-1] INFO admin.com.worker - There are 0 users.
[chime-1] INFO admin.com.worker - There are 0 users.
[chime-1] INFO admin.com.worker - There are 0 users.
[chime-1] INFO admin.com.worker - There are 0 users.
[chime-1] INFO admin.com.worker - There are 0 users.
[chime-1] INFO admin.com.worker - There are 0 users.
[chime-1] INFO admin.com.worker - There are 0 users.
[chime-1] INFO admin.com.worker - There are 0 users.
[chime-1] INFO admin.com.worker - There are 0 users.
[chime-1] INFO admin.com.worker - There are 0 users.
[chime-1] INFO admin.com.worker - There are 0 users.
[chime-1] INFO admin.com.worker - There are 0 users.
[chime-1] INFO admin.com.worker - There are 0 users.
[chime-1] INFO admin.com.worker - There are 0 users.
[chime-1] INFO admin.com.worker - There are 0 users.
[chime-1] INFO admin.com.worker - There are 0 users.
[chime-1] INFO admin.com.worker - There are 0 users.
[chime-1] INFO admin.com.worker - There are 0 users.
[chime-1] INFO admin.com.worker - There are 0 users.
[chime-1] INFO admin.com.worker - There are 0 users.
[chime-1] INFO admin.com.worker - There are 0 users.
[chime-1] INFO admin.com.worker - There are 0 users.
[chime-1] INFO admin.com.worker - There are 0 users.
[chime-1] INFO admin.com.worker - There are 0 users.
[chime-1] INFO admin.com.worker - There are 0 users.
[chime-1] INFO admin.com.worker - There are 0 users.
[chime-1] INFO admin.com.worker - There are 0 users.
[chime-1] INFO admin.com.worker - There are 0 users.
[chime-1] INFO admin.com.worker - There are 0 users.
[chime-1] INFO admin.com.worker - There are 0 users.
[chime-1] INFO admin.com.worker - There are 0 users.
[chime-1] INFO admin.com.worker - There are 0 users.
[chime-1] INFO admin.com.worker - There are 0 users.
[chime-1] INFO admin.com.worker - There are 0 users.
[chime-1] INFO admin.com.worker - There are 0 users.
[chime-1] INFO admin.com.worker - There are 0 users.
[chime-1] INFO admin.com.worker - There are 0 users.
[chime-1] INFO admin.com.worker - There are 0 users.
[chime-1] INFO admin.com.worker - There are 0 users.
[chime-1] INFO admin.com.worker - There are 0 users.
[chime-1] INFO admin.com.worker - There are 0 users.
[chime-1] INFO admin.com.worker - There are 0 users.
[chime-1] INFO admin.com.worker - There are 0 users.
[chime-1] INFO admin.com.worker - There are 0 users.
[chime-1] INFO admin.com.worker - There are 0 users.
[chime-1] INFO admin.com.worker - There are 0 users.
[chime-1] INFO admin.com.worker - There are 0 users.
[chime-1] INFO admin.com.worker - There are 0 users.
[chime-1] INFO admin.com.worker - There are 0 users.
[chime-1] INFO admin.com.worker - There are 0 users.
[chime-1] INFO admin.com.worker - There are 0 users.
[chime-1] INFO admin.com.worker - There are 0 users.
[chime-1] INFO admin.com.worker - There are 0 users.
[chime-1] INFO admin.com.worker - There are 0 users.
[chime-1] INFO admin.com.worker - There are 0 users.
[chime-1] INFO admin.com.worker - There are 0 users.
[chime-1] INFO admin.com.worker - There are 0 users.
[chime-1] INFO admin.com.worker - There are 0 users.
[chime-1] INFO admin.com.worker - There are 0 users.
[chime-1] INFO admin.com.worker - There are 0 users.
[chime-1] INFO admin.com.worker - There are 0 users.
[chime-1] INFO admin.com.worker - There are 0 users.
[chime-1] INFO admin.com.worker - There are 0 users.
[chime-1] INFO admin.com.worker - There are 0 users.
[chime-1] INFO admin.com.worker - There are 0 users.
[chime-1] INFO admin.com.worker - There are 0 users.
[chime-1] INFO admin.com.worker - There are 0 users.
[chime-1] INFO admin.com.worker - There are 0 users.
[chime-1] INFO admin.com.worker - There are 0 users.
[chime-1] INFO admin.com.worker - There are 0 users.
[chime-1] INFO admin.com.worker - There are 0 users.
[chime-1] INFO admin.com.worker - There are 0 users.
[chime-1] INFO admin.com.worker - There are 0 users.
[chime-1] INFO admin.com.worker - There are 0 users.
[chime-1] INFO admin.com.worker - There are 0 users.
[chime-1] INFO admin.com.worker - There are 0 users.
[chime-1] INFO admin.com.worker - There are 0 users.
[chime-1] INFO admin.com.worker - There are 0 users.
[chime-1] INFO admin.com.worker - There are 0 users.
[chime-1] INFO admin.com.worker - There are 0 users.
[chime-1] INFO admin.com.worker - There are 0 users.
[chime-1] INFO admin.com.worker - There are 0 users.
[chime-1] INFO admin.com.worker - There are 0 users.
[chime-1] INFO admin.com.worker - There are 0 users.
[chime-1] INFO admin.com.worker - There are 0 users.
[chime-1] INFO admin.com.worker - There are 0 users.
[chime-1] INFO admin.com.worker - There are 0 users.
[chime-1] INFO admin.com.worker - There are 0 users.
[chime-1] INFO admin.com.worker - There are 0 users.
[chime-1] INFO admin.com.worker - There are 0 users.
[chime-1] INFO admin.com.worker - There are 0 users.
[chime-1] INFO admin.com.worker - There are 0 users.
[chime-1] INFO admin.com.worker - There are 0 users.
[chime-1] INFO admin.com.worker - There are 0 users.
[chime-1] INFO admin.com.worker - There are 0 users.
[chime-1] INFO admin.com.worker - There are 0 users.
[chime-1] INFO admin.com.worker - There are 0 users.
[chime-1] INFO admin.com.worker - There are 0 users.
[chime-1] INFO admin.com.worker - There are 0 users.
[chime-1] INFO admin.com.worker - There are 0 users.
[chime-1] INFO admin.com.worker - There are 0 users.
[chime-1] INFO admin.com.worker - There are 0 users.
[chime-1] INFO admin.com.worker - There are 0 users.
[chime-1] INFO admin.com.worker - There are 0 users.
[chime-1] INFO admin.com.worker - There are 0 users.
[chime-1] INFO admin.com.worker - There are 0 users.
[chime-1] INFO admin.com.worker - There are 0 users.
[chime-1] INFO admin.com.worker - There are 0 users.
[chime-1] INFO admin.com.worker - There are 0 users.
[chime-1] INFO admin.com.worker - There are 0 users.
[chime-1] INFO admin.com.worker - There are 0 users.
[chime-1] INFO admin.com.worker - There are 0 users.
[chime-1] INFO admin.com.worker - There are 0 users.
[chime-1] INFO admin.com.worker - There are 0 users.
[chime-1] INFO admin.com.worker - There are 0 users.
[chime-1] INFO admin.com.worker - There are 0 users.
[chime-1] INFO admin.com.worker - There are 0 users.
[chime-1] INFO admin.com.worker - There are 0 users.
[chime-1] INFO admin.com.worker - There are 0 users.
[chime-1] INFO admin.com.worker - There are 0 users.
[chime-1] INFO admin.com.worker - There are 0 users.
[chime-1] INFO admin.com.worker - There are 0 users.
[chime-1] INFO admin.com.worker - There are 0 users.
[chime-1] INFO admin.com.worker - There are 0 users.
[chime-1] INFO admin.com.worker - There are 0 users.
[chime-1] INFO admin.com.worker - There are 0 users.
[chime-1] INFO admin.com.worker - There are 0 users.
[chime-1] INFO admin.com.worker - There are 0 users.
[chime-1] INFO admin.com.worker - There are 0 users.
[chime-1] INFO admin.com.worker - There are 0 users.
[chime-1] INFO admin.com.worker - There are 0 users.
[chime-1] INFO admin.com.worker - There are 0 users.
[chime-1] INFO admin.com.worker - There are 0 users.
[chime-1] INFO admin.com.worker - There are 0 users.
[chime-1] INFO admin.com.worker - There are 0 users.
[chime-1] INFO admin.com.worker - There are 0 users.
[chime-1] INFO admin.com.worker - There are 0 users.
[chime-1] INFO admin.com.worker - There are 0 users.
[chime-1] INFO admin.com.worker - There are 0 users.
[chime-1] INFO admin.com.worker - There are 0 users.
[chime-1] INFO admin.com.worker - There are 0 users.
[chime-1] INFO admin.com.worker - There are 0 users.
[chime-1] INFO admin.com.worker - There are 0 users.
[chime-1] INFO admin.com.worker - There are 0 users.
[chime-1] INFO admin.com.worker - There are 0 users.
[chime-1] INFO admin.com.worker - There are 0 users.
[chime-1] INFO admin.com.worker - There are 0 users.
[chime-1] INFO admin.com.worker - There are 0 users.
[chime-1] INFO admin.com.worker - There are 0 users.
[chime-1] INFO admin.com.worker - There are 0 users.
[chime-1] INFO admin.com.worker - There are 0 users.
[chime-1] INFO admin.com.worker - There are 0 users.
[chime-1] INFO admin.com.worker - There are 0 users.
[chime-1] INFO admin.com.worker - There are 0 users.
[chime-1] INFO admin.com.worker - There are 0 users.
[chime-1] INFO admin.com.worker - There are 0 users.
[chime-1] INFO admin.com.worker - There are 0 users.
[chime-1] INFO admin.com.worker - There are 0 users.
[chime-1] INFO admin.com.worker - There are 0 users.
[chime-1] INFO admin.com.worker - There are 0 users.
[chime-1] INFO admin.com.worker - There are 0 users.
[chime-1] INFO admin.com.worker - There are 0 users.
[chime-1] INFO admin.com.worker - There are 0 users.
[chime-1] INFO admin.com.worker - There are 0 users.
[chime-1] INFO admin.com.worker - There are 0 users.
[chime-1] INFO admin.com.worker - There are 0 users.
[chime-1] INFO admin.com.worker - There are 0 users.
[chime-1] INFO admin.com.worker - There are 0 users.
[chime-1] INFO admin.com.worker - There are 0 users.
[chime-1] INFO admin.com.worker - There are 0 users.
[chime-1] INFO admin.com.worker - There are 0 users.
[chime-1] INFO admin.com.worker - There are 0 users.
[chime-1] INFO admin.com.worker - There are 0 users.
[chime-1] INFO admin.com.worker - There are 0 users.
[chime-1] INFO admin.com.worker - There are 0 users.
[chime-1] INFO admin.com.worker - There are 0 users.
[chime-1] INFO admin.com.worker - There are 0 users.
[chime-1] INFO admin.com.worker - There are 0 users.
[chime-1] INFO admin.com.worker - There are 0 users.
[chime-1] INFO admin.com.worker - There are 0 users.
[chime-1] INFO admin.com.worker - There are 0 users.
[chime-1] INFO admin.com.worker - There are 0 users.
[chime-1] INFO admin.com.worker - There are 0 users.
[chime-1] INFO admin.com.worker - There are 0 users.
[chime-1] INFO admin.com.worker - There are 0 users.
[chime-1] INFO admin.com.worker - There are 0 users.
[chime-1] INFO admin.com.worker - There are 0 users.
[chime-1] INFO admin.com.worker - There are 0 users.
[chime-1] INFO admin.com.worker - There are 0 users.
[chime-1] INFO admin.com.worker - There are 0 users.
[chime-1] INFO admin.com.worker - There are 0 users.
[chime-1] INFO admin.com.worker - There are 0 users.
[chime-1] INFO admin.com.worker - There are 0 users.
[chime-1] INFO admin.com.worker - There are 0 users.
[chime-1] INFO admin.com.worker - There are 0 users.
[chime-1] INFO admin.com.worker - There are 0 users.
[chime-1] INFO admin.com.worker - There are 0 users.
[chime-1] INFO admin.com.worker - There are 0 users.
[chime-1] INFO admin.com.worker - There are 0 users.
[chime-1] INFO admin.com.worker - There are 0 users.
[chime-1] INFO admin.com.worker - There are 0 users.
[chime-1] INFO admin.com.worker - There are 0 users.
[chime-1] INFO admin.com.worker - There are 0 users.
[chime-1] INFO admin.com.worker - There are 0 users.
[chime-1] INFO admin.com.worker - There are 0 users.
[chime-1] INFO admin.com.worker - There are 0 users.
[chime-1] INFO admin.com.worker - There are 0 users.
[chime-1] INFO admin.com.worker - There are 0 users.
[chime-1] INFO admin.com.worker - There are 0 users.
[chime-1] INFO admin.com.worker - There are 0 users.
[chime-1] INFO admin.com.worker - There are 0 users.
[chime-1] INFO admin.com.worker - There are 0 users.
[chime-1] INFO admin.com.worker - There are 0 users.
[chime-1] INFO admin.com.worker - There are 0 users.
[chime-1] INFO admin.com.worker - There are 0 users.
[chime-1] INFO admin.com.worker - There are 0 users.
[chime-1] INFO admin.com.worker - There are 0 users.
[chime-1] INFO admin.com.worker - There are 0 users.
[chime-1] INFO admin.com.worker - There are 0 users.
[chime-1] INFO admin.com.worker - There are 0 users.
[chime-1] INFO admin.com.worker - There are 0 users.
[chime-1] INFO admin.com.worker - There are 0 users.
[chime-1] INFO admin.com.worker - There are 0 users.
[chime-1] INFO admin.com.worker - There are 0 users.
[chime-1] INFO admin.com.worker - There are 0 users.
[chime-1] INFO admin.com.worker - There are 0 users.
[chime-1] INFO admin.com.worker - There are 0 users.
[chime-1] INFO admin.com.worker - There are 0 users.
[chime-1] INFO admin.com.worker - There are 0 users.
[chime-1] INFO admin.com.worker - There are 0 users.
[chime-1] INFO admin.com.worker - There are 0 users.
[chime-1] INFO admin.com.worker - There are 0 users.
[chime-1] INFO admin.com.worker - There are 0 users.
[chime-1] INFO admin.com.worker - There are 0 users.
[chime-1] INFO admin.com.worker - There are 0 users.
[chime-1] INFO admin.com.worker - There are 0 users.
[chime-1] INFO admin.com.worker - There are 0 users.
[chime-1] INFO admin.com.worker - There are 0 users.
[chime-1] INFO admin.com.worker - There are 0 users.
[chime-1] INFO admin.com.worker - There are 0 users.
[chime-1] INFO admin.com.worker - There are 0 users.
[chime-1] INFO admin.com.worker - There are 0 users.
[chime-1] INFO admin.com.worker - There are 0 users.
[chime-1] INFO admin.com.worker - There are 0 users.
[chime-1] INFO admin.com.worker - There are 0 users.
[chime-1] INFO admin.com.worker - There are 0 users.
[chime-1] INFO admin.com.worker - There are 0 users.
[chime-1] INFO admin.com.worker - There are 0 users.
[chime-1] INFO admin.com.worker - There are 0 users.
[chime-1] INFO admin.com.worker - There are 0 users.
[chime-1] INFO admin.com.worker - There are 0 users.
[chime-1] INFO admin.com.worker - There are 0 users.
[chime-1] INFO admin.com.worker - There are 0 users.
[chime-1] INFO admin.com.worker - There are 0 users.
[chime-1] INFO admin.com.worker - There are 0 users.
[chime-1] INFO admin.com.worker - There are 0 users.
[chime-1] INFO admin.com.worker - There are 0 users.
[chime-1] INFO admin.com.worker - There are 0 users.
[chime-1] INFO admin.com.worker - There are 0 users.
[chime-1] INFO admin.com.worker - There are 0 users.
[chime-1] INFO admin.com.worker - There are 0 users.
[chime-1] INFO admin.com.worker - There are 0 users.
[chime-1] INFO admin.com.worker - There are 0 users.
[chime-1] INFO admin.com.worker - There are 0 users.
[chime-1] INFO admin.com.worker - There are 0 users.
[chime-1] INFO admin.com.worker - There are 0 users.
[chime-1] INFO admin.com.worker - There are 0 users.
[chime-1] INFO admin.com.worker - There are 0 users.
[chime-1] INFO admin.com.worker - There are 0 users.
[chime-1] INFO admin.com.worker - There are 0 users.
[chime-1] INFO admin.com.worker - There are 0 users.
[chime-1] INFO admin.com.worker - There are 0 users.
[chime-1] INFO admin.com.worker - There are 0 users.
[chime-1] INFO admin.com.worker - There are 0 users.
[chime-1] INFO admin.com.worker - There are 0 users.
[chime-1] INFO admin.com.worker - There are 0 users.
[chime-1] INFO admin.com.worker - There are 0 users.
[chime-1] INFO admin.com.worker - There are 0 users.
[chime-1] INFO admin.com.worker - There are 0 users.
[chime-1] INFO admin.com.worker - There are 0 users.
[chime-1] INFO admin.com.worker - There are 0 users.
[chime-1] INFO admin.com.worker - There are 0 users.
[chime-1] INFO admin.com.worker - There are 0 users.
[chime-1] INFO admin.com.worker - There are 0 users.
[chime-1] INFO admin.com.worker - There are 0 users.
[chime-1] INFO admin.com.worker - There are 0 users.
[chime-1] INFO admin.com.worker - There are 0 users.
[chime-1] INFO admin.com.worker - There are 0 users.
[chime-1] INFO admin.com.worker - There are 0 users.
[chime-1] INFO admin.com.worker - There are 0 users.
[chime-1] INFO admin.com.worker - There are 0 users.
[chime-1] INFO admin.com.worker - There are 0 users.
[chime-1] INFO admin.com.worker - There are 0 users.
[chime-1] INFO admin.com.worker - There are 0 users.
[chime-1] INFO admin.com.worker - There are 0 users.
[chime-1] INFO admin.com.worker - There are 0 users.
[chime-1] INFO admin.com.worker - There are 0 users.
[chime-1] INFO admin.com.worker - There are 0 users.
[chime-1] INFO admin.com.worker - There are 0 users.
[chime-1] INFO admin.com.worker - There are 0 users.
[chime-1] INFO admin.com.worker - There are 0 users.
[chime-1] INFO admin.com.worker - There are 0 users.
[chime-1] INFO admin.com.worker - There are 0 users.
[chime-1] INFO admin.com.worker - There are 0 users.
[chime-1] INFO admin.com.worker - There are 0 users.
[chime-1] INFO admin.com.worker - There are 0 users.
[chime-1] INFO admin.com.worker - There are 0 users.
[chime-1] INFO admin.com.worker - There are 0 users.
[chime-1] INFO admin.com.worker - There are 0 users.
[chime-1] INFO admin.com.worker - There are 0 users.
[chime-1] INFO admin.com.worker - There are 0 users.
[chime-1] INFO admin.com.worker - There are 0 users.
[chime-1] INFO admin.com.worker - There are 0 users.
[chime-1] INFO admin.com.worker - There are 0 users.
[chime-1] INFO admin.com.worker - There are 0 users.
[chime-1] INFO admin.com.worker - There are 0 users.
[chime-1] INFO admin.com.worker - There are 0 users.
[chime-1] INFO admin.com.worker - There are 0 users.
[chime-1] INFO admin.com.worker - There are 0 users.
[chime-1] INFO admin.com.worker - There are 0 users.
[chime-1] INFO admin.com.worker - There are 0 users.
[chime-1] INFO admin.com.worker - There are 0 users.
[chime-1] INFO admin.com.worker - There are 0 users.
[chime-1] INFO admin.com.worker - There are 0 users.
[chime-1] INFO admin.com.worker - There are 0 users.
[chime-1] INFO admin.com.worker - There are 0 users.
[chime-1] INFO admin.com.worker - There are 0 users.
[chime-1] INFO admin.com.worker - There are 0 users.
[chime-1] INFO admin.com.worker - There are 0 users.
[chime-1] INFO admin.com.worker - There are 0 users.
[chime-1] INFO admin.com.worker - There are 0 users.
[chime-1] INFO admin.com.worker - There are 0 users.
[chime-1] INFO admin.com.worker - There are 0 users.
[chime-1] INFO admin.com.worker - There are 0 users.
[chime-1] INFO admin.com.worker - There are 0 users.
[chime-1] INFO admin.com.worker - There are 0 users.
[chime-1] INFO admin.com.worker - There are 0 users.
[chime-1] INFO admin.com.worker - There are 0 users.
[chime-1] INFO admin.com.worker - There are 0 users.
[chime-1] INFO admin.com.worker - There are 0 users.
[chime-1] INFO admin.com.worker - There are 0 users.
[chime-1] INFO admin.com.worker - There are 0 users.
[chime-1] INFO admin.com.worker - There are 0 users.
[chime-1] INFO admin.com.worker - There are 0 users.
[chime-1] INFO admin.com.worker - There are 0 users.
[chime-1] INFO admin.com.worker - There are 0 users.
[chime-1] INFO admin.com.worker - There are 0 users.
[chime-1] INFO admin.com.worker - There are 0 users.
[chime-1] INFO admin.com.worker - There are 0 users.
[chime-1] INFO admin.com.worker - There are 0 users.
[chime-1] INFO admin.com.worker - There are 0 users.
[chime-1] INFO admin.com.worker - There are 0 users.
[chime-1] INFO admin.com.worker - There are 0 users.
[chime-1] INFO admin.com.worker - There are 0 users.
[chime-1] INFO admin.com.worker - There are 0 users.
[chime-1] INFO admin.com.worker - There are 0 users.
[chime-1] INFO admin.com.worker - There are 0 users.
[chime-1] INFO admin.com.worker - There are 0 users.
[chime-1] INFO admin.com.worker - There are 0 users.
[chime-1] INFO admin.com.worker - There are 0 users.
[chime-1] INFO admin.com.worker - There are 0 users.
[chime-1] INFO admin.com.worker - There are 0 users.
[chime-1] INFO admin.com.worker - There are 0 users.
[chime-1] INFO admin.com.worker - There are 0 users.
[chime-1] INFO admin.com.worker - There are 0 users.
[chime-1] INFO admin.com.worker - There are 0 users.
[chime-1] INFO admin.com.worker - There are 0 users.
[chime-1] INFO admin.com.worker - There are 0 users.
[chime-1] INFO admin.com.worker - There are 0 users.
[chime-1] INFO admin.com.worker - There are 0 users.
[chime-1] INFO admin.com.worker - There are 0 users.
[chime-1] INFO admin.com.worker - There are 0 users.
[chime-1] INFO admin.com.worker - There are 0 users.
[chime-1] INFO admin.com.worker - There are 0 users.
[chime-1] INFO admin.com.worker - There are 0 users.
[chime-1] INFO admin.com.worker - There are 0 users.
[chime-1] INFO admin.com.worker - There are 0 users.
[chime-1] INFO admin.com.worker - There are 0 users.
[chime-1] INFO admin.com.worker - There are 0 users.
[chime-1] INFO admin.com.worker - There are 0 users.
[chime-1] INFO admin.com.worker - There are 0 users.
[chime-1] INFO admin.com.worker - There are 0 users.
[chime-1] INFO admin.com.worker - There are 0 users.
[chime-1] INFO admin.com.worker - There are 0 users.
[chime-1] INFO admin.com.worker - There are 0 users.
[chime-1] INFO admin.com.worker - There are 0 users.
[chime-1] INFO admin.com.worker - There are 0 users.
[chime-1] INFO admin.com.worker - There are 0 users.
[chime-1] INFO admin.com.worker - There are 0 users.
[chime-1] INFO admin.com.worker - There are 0 users.
[chime-1] INFO admin.com.worker - There are 0 users.
[chime-1] INFO admin.com.worker - There are 0 users.
[chime-1] INFO admin.com.worker - There are 0 users.
[chime-1] INFO admin.com.worker - There are 0 users.
[chime-1] INFO admin.com.worker - There are 0 users.
[chime-1] INFO admin.com.worker - There are 0 users.
[chime-1] INFO admin.com.worker - There are 0 users.
[chime-1] INFO admin.com.worker - There are 0 users.
[chime-1] INFO admin.com.worker - There are 0 users.
[chime-1] INFO admin.com.worker - There are 0 users.
[chime-1] INFO admin.com.worker - There are 0 users.
[chime-1] INFO admin.com.worker - There are 0 users.
[chime-1] INFO admin.com.worker - There are 0 users.
[chime-1] INFO admin.com.worker - There are 0 users.
[chime-1] INFO admin.com.worker - There are 0 users.
[chime-1] INFO admin.com.worker - There are 0 users.
[chime-1] INFO admin.com.worker - There are 0 users.
[chime-1] INFO admin.com.worker - There are 0 users.
[chime-1] INFO admin.com.worker - There are 0 users.
[chime-1] INFO admin.com.worker - There are 0 users.
[chime-1] INFO admin.com.worker - There are 0 users.
[chime-1] INFO admin.com.worker - There are 0 users.
[chime-1] INFO admin.com.worker - There are 0 users.
[chime-1] INFO admin.com.worker - There are 0 users.
[chime-1] INFO admin.com.worker - There are 0 users.
[chime-1] INFO admin.com.worker - There are 0 users.
[chime-1] INFO admin.com.worker - There are 0 users.
[chime-1] INFO admin.com.worker - There are 0 users.
[chime-1] INFO admin.com.worker - There are 0 users.
[chime-1] INFO admin.com.worker - There are 0 users.
[chime-1] INFO admin.com.worker - There are 0 users.
[chime-1] INFO admin.com.worker - There are 0 users.
[chime-1] INFO admin.com.worker - There are 0 users.
[chime-1] INFO admin.com.worker - There are 0 users.
[chime-1] INFO admin.com.worker - There are 0 users.
[chime-1] INFO admin.com.worker - There are 0 users.
[chime-1] INFO admin.com.worker - There are 0 users.
[chime-1] INFO admin.com.worker - There are 0 users.
[chime-1] INFO admin.com.worker - There are 0 users.
[chime-1] INFO admin.com.worker - There are 0 users.
[chime-1] INFO admin.com.worker - There are 0 users.
[chime-1] INFO admin.com.worker - There are 0 users.
[chime-1] INFO admin.com.worker - There are 0 users.
[chime-1] INFO admin.com.worker - There are 0 users.
[chime-1] INFO admin.com.worker - There are 0 users.
[chime-1] INFO admin.com.worker - There are 0 users.
[chime-1] INFO admin.com.worker - There are 0 users.
[chime-1] INFO admin.com.worker - There are 0 users.
[chime-1] INFO admin.com.worker - There are 0 users.
[chime-1] INFO admin.com.worker - There are 0 users.
[chime-1] INFO admin.com.worker - There are 0 users.
[chime-1] INFO admin.com.worker - There are 0 users.
[chime-1] INFO admin.com.worker - There are 0 users.
[chime-1] INFO admin.com.worker - There are 0 users.
[chime-1] INFO admin.com.worker - There are 0 users.
[chime-1] INFO admin.com.worker - There are 0 users.
[chime-1] INFO admin.com.worker - There are 0 users.
[chime-1] INFO admin.com.worker - There are 0 users.
[chime-1] INFO admin.com.worker - There are 0 users.
[chime-1] INFO admin.com.worker - There are 0 users.
[chime-1] INFO admin.com.worker - There are 0 users.
[chime-1] INFO admin.com.worker - There are 0 users.
[chime-1] INFO admin.com.worker - There are 0 users.
[chime-1] INFO admin.com.worker - There are 0 users.
[chime-1] INFO admin.com.worker - There are 0 users.
[chime-1] INFO admin.com.worker - There are 0 users.
[chime-1] INFO admin.com.worker - There are 0 users.
[chime-1] INFO admin.com.worker - There are 0 users.
[chime-1] INFO admin.com.worker - There are 0 users.
[chime-1] INFO admin.com.worker - There are 0 users.
[chime-1] INFO admin.com.worker - There are 0 users.
[chime-1] INFO admin.com.worker - There are 0 users.
[chime-1] INFO admin.com.worker - There are 0 users.
[chime-1] INFO admin.com.worker - There are 0 users.
[chime-1] INFO admin.com.worker - There are 0 users.
[chime-1] INFO admin.com.worker - There are 0 users.
[chime-1] INFO admin.com.worker - There are 0 users.
[chime-1] INFO admin.com.worker - There are 0 users.
[chime-1] INFO admin.com.worker - There are 0 users.
[chime-1] INFO admin.com.worker - There are 0 users.
[chime-1] INFO admin.com.worker - There are 0 users.
[chime-1] INFO admin.com.worker - There are 0 users.
[chime-1] INFO admin.com.worker - There are 0 users.
[chime-1] INFO admin.com.worker - There are 0 users.
[chime-1] INFO admin.com.worker - There are 0 users.
[chime-1] INFO admin.com.worker - There are 0 users.
[chime-1] INFO admin.com.worker - There are 0 users.
[chime-1] INFO admin.com.worker - There are 0 users.
[chime-1] INFO admin.com.worker - There are 0 users.
[chime-1] INFO admin.com.worker - There are 0 users.
[chime-1] INFO admin.com.worker - There are 0 users.
[chime-1] INFO admin.com.worker - There are 0 users.
[chime-1] INFO admin.com.worker - There are 0 users.
[chime-1] INFO admin.com.worker - There are 0 users.
[chime-1] INFO admin.com.worker - There are 0 users.
[chime-1] INFO admin.com.worker - There are 0 users.
[chime-1] INFO admin.com.worker - There are 0 users.
[chime-1] INFO admin.com.worker - There are 0 users.
[chime-1] INFO admin.com.worker - There are 0 users.
[chime-1] INFO admin.com.worker - There are 0 users.
[chime-1] INFO admin.com.worker - There are 0 users.
[chime-1] INFO admin.com.worker - There are 0 users.
[chime-1] INFO admin.com.worker - There are 0 users.
[chime-1] INFO admin.com.worker - There are 0 users.
[chime-1] INFO admin.com.worker - There are 0 users.
[chime-1] INFO admin.com.worker - There are 0 users.
[chime-1] INFO admin.com.worker - There are 0 users.
[chime-1] INFO admin.com.worker - There are 0 users.
[chime-1] INFO admin.com.worker - There are 0 users.
[chime-1] INFO admin.com.worker - There are 0 users.
[chime-1] INFO admin.com.worker - There are 0 users.
[chime-1] INFO admin.com.worker - There are 0 users.
[chime-1] INFO admin.com.worker - There are 0 users.
[chime-1] INFO admin.com.worker - There are 0 users.
[chime-1] INFO admin.com.worker - There are 0 users.
[chime-1] INFO admin.com.worker - There are 0 users.
[chime-1] INFO admin.com.worker - There are 0 users.
[chime-1] INFO admin.com.worker - There are 0 users.
[chime-1] INFO admin.com.worker - There are 0 users.
[chime-1] INFO admin.com.worker - There are 0 users.
[chime-1] INFO admin.com.worker - There are 0 users.
[chime-1] INFO admin.com.worker - There are 0 users.
[chime-1] INFO admin.com.worker - There are 0 users.
[chime-1] INFO admin.com.worker - There are 0 users.
[chime-1] INFO admin.com.worker - There are 0 users.
[chime-1] INFO admin.com.worker - There are 0 users.
[chime-1] INFO admin.com.worker - There are 0 users.
[chime-1] INFO admin.com.worker - There are 0 users.
[chime-1] INFO admin.com.worker - There are 0 users.
[chime-1] INFO admin.com.worker - There are 0 users.
[chime-1] INFO admin.com.worker - There are 0 users.
[chime-1] INFO admin.com.worker - There are 0 users.
[chime-1] INFO admin.com.worker - There are 0 users.
[chime-1] INFO admin.com.worker - There are 0 users.
[chime-1] INFO admin.com.worker - There are 0 users.
[chime-1] INFO admin.com.worker - There are 0 users.
[chime-1] INFO admin.com.worker - There are 0 users.
[chime-1] INFO admin.com.worker - There are 0 users.
[chime-1] INFO admin.com.worker - There are 0 users.
[chime-1] INFO admin.com.worker - There are 0 users.
[chime-1] INFO admin.com.worker - There are 0 users.
[chime-1] INFO admin.com.worker - There are 0 users.
[chime-1] INFO admin.com.worker - There are 0 users.
[chime-1] INFO admin.com.worker - There are 0 users.
[chime-1] INFO admin.com.worker - There are 0 users.
[chime-1] INFO admin.com.worker - There are 0 users.
[chime-1] INFO admin.com.worker - There are 0 users.
[chime-1] INFO admin.com.worker - There are 0 users.
[chime-1] INFO admin.com.worker - There are 0 users.
[chime-1] INFO admin.com.worker - There are 0 users.
[chime-1] INFO admin.com.worker - There are 0 users.
[chime-1] INFO admin.com.worker - There are 0 users.
[chime-1] INFO admin.com.worker - There are 0 users.
[chime-1] INFO admin.com.worker - There are 0 users.
[chime-1] INFO admin.com.worker - There are 0 users.
[chime-1] INFO admin.com.worker - There are 0 users.
[chime-1] INFO admin.com.worker - There are 0 users.
[chime-1] INFO admin.com.worker - There are 0 users.
[chime-1] INFO admin.com.worker - There are 0 users.
[chime-1] INFO admin.com.worker - There are 0 users.
[chime-1] INFO admin.com.worker - There are 0 users.
[chime-1] INFO admin.com.worker - There are 0 users.
[chime-1] INFO admin.com.worker - There are 0 users.
[chime-1] INFO admin.com.worker - There are 0 users.
[chime-1] INFO admin.com.worker - There are 0 users.
[chime-1] INFO admin.com.worker - There are 0 users.
[chime-1] INFO admin.com.worker - There are 0 users.
[chime-1] INFO admin.com.worker - There are 0 users.
[chime-1] INFO admin.com.worker - There are 0 users.
[chime-1] INFO admin.com.worker - There are 0 users.
[chime-1] INFO admin.com.worker - There are 0 users.
[chime-1] INFO admin.com.worker - There are 0 users.
[chime-1] INFO admin.com.worker - There are 0 users.
[chime-1] INFO admin.com.worker - There are 0 users.
[chime-1] INFO admin.com.worker - There are 0 users.
[chime-1] INFO admin.com.worker - There are 0 users.
[chime-1] INFO admin.com.worker - There are 0 users.
[chime-1] INFO admin.com.worker - There are 0 users.
[chime-1] INFO admin.com.worker - There are 0 users.
[chime-1] INFO admin.com.worker - There are 0 users.
[chime-1] INFO admin.com.worker - There are 0 users.
[chime-1] INFO admin.com.worker - There are 0 users.
[chime-1] INFO admin.com.worker - There are 0 users.
[chime-1] INFO admin.com.worker - There are 0 users.
[chime-1] INFO admin.com.worker - There are 0 users.
[chime-1] INFO admin.com.worker - There are 0 users.
[chime-1] INFO admin.com.worker - There are 0 users.
[chime-1] INFO admin.com.worker - There are 0 users.
[chime-1] INFO admin.com.worker - There are 0 users.
[chime-1] INFO admin.com.worker - There are 0 users.
[chime-1] INFO admin.com.worker - There are 0 users.
[chime-1] INFO admin.com.worker - There are 0 users.
[chime-1] INFO admin.com.worker - There are 0 users.
[chime-1] INFO admin.com.worker - There are 0 users.
[chime-1] INFO admin.com.worker - There are 0 users.
[chime-1] INFO admin.com.worker - There are 0 users.
[chime-1] INFO admin.com.worker - There are 0 users.
[chime-1] INFO admin.com.worker - There are 0 users.
[chime-1] INFO admin.com.worker - There are 0 users.
[chime-1] INFO admin.com.worker - There are 0 users.
[chime-1] INFO admin.com.worker - There are 0 users.
[chime-1] INFO admin.com.worker - There are 0 users.
[chime-1] INFO admin.com.worker - There are 0 users.
[chime-1] INFO admin.com.worker - There are 0 users.
[chime-1] INFO admin.com.worker - There are 0 users.
[chime-1] INFO admin.com.worker - There are 0 users.
[chime-1] INFO admin.com.worker - There are 0 users.
[chime-1] INFO admin.com.worker - There are 0 users.
[chime-1] INFO admin.com.worker - There are 0 users.
[chime-1] INFO admin.com.worker - There are 0 users.
[chime-1] INFO admin.com.worker - There are 0 users.
[chime-1] INFO admin.com.worker - There are 0 users.
[chime-1] INFO admin.com.worker - There are 0 users.
[chime-1] INFO admin.com.worker - There are 0 users.
[chime-1] INFO admin.com.worker - There are 0 users.
[chime-1] INFO admin.com.worker - There are 0 users.
[chime-1] INFO admin.com.worker - There are 0 users.
[chime-1] INFO admin.com.worker - There are 0 users.
[chime-1] INFO admin.com.worker - There are 0 users.
[chime-1] INFO admin.com.worker - There are 0 users.
[chime-1] INFO admin.com.worker - There are 0 users.
[chime-1] INFO admin.com.worker - There are 0 users.
[chime-1] INFO admin.com.worker - There are 0 users.
[chime-1] INFO admin.com.worker - There are 0 users.
[chime-1] INFO admin.com.worker - There are 0 users.
[chime-1] INFO admin.com.worker - There are 0 users.
[chime-1] INFO admin.com.worker - There are 0 users.
[chime-1] INFO admin.com.worker - There are 0 users.
[chime-1] INFO admin.com.worker - There are 0 users.
[chime-1] INFO admin.com.worker - There are 0 users.
[chime-1] INFO admin.com.worker - There are 0 users.
[chime-1] INFO admin.com.worker - There are 0 users.
[chime-1] INFO admin.com.worker - There are 0 users.
[chime-1] INFO admin.com.worker - There are 0 users.
[chime-1] INFO admin.com.worker - There are 0 users.
[chime-1] INFO admin.com.worker - There are 0 users.
[chime-1] INFO admin.com.worker - There are 0 users.
[chime-1] INFO admin.com.worker - There are 0 users.
[chime-1] INFO admin.com.worker - There are 0 users.
[chime-1] INFO admin.com.worker - There are 0 users.
[chime-1] INFO admin.com.worker - There are 0 users.
[chime-1] INFO admin.com.worker - There are 0 users.
[chime-1] INFO admin.com.worker - There are 0 users.
[chime-1] INFO admin.com.worker - There are 0 users.
[chime-1] INFO admin.com.worker - There are 0 users.
[chime-1] INFO admin.com.worker - There are 0 users.
[chime-1] INFO admin.com.worker - There are 0 users.
[chime-1] INFO admin.com.worker - There are 0 users.
[chime-1] INFO admin.com.worker - There are 0 users.
[chime-1] INFO admin.com.worker - There are 0 users.
[chime-1] INFO admin.com.worker - There are 0 users.
[chime-1] INFO admin.com.worker - There are 0 users.
[chime-1] INFO admin.com.worker - There are 0 users.
[chime-1] INFO admin.com.worker - There are 0 users.
[chime-1] INFO admin.com.worker - There are 0 users.
[chime-1] INFO admin.com.worker - There are 0 users.
[chime-1] INFO admin.com.worker - There are 0 users.
[chime-1] INFO admin.com.worker - There are 0 users.
[chime-1] INFO admin.com.worker - There are 0 users.
[chime-1] INFO admin.com.worker - There are 0 users.
[chime-1] INFO admin.com.worker - There are 0 users.
[chime-1] INFO admin.com.worker - There are 0 users.
[chime-1] INFO admin.com.worker - There are 0 users.
[chime-1] INFO admin.com.worker - There are 0 users.
[chime-1] INFO admin.com.worker - There are 0 users.
[chime-1] INFO admin.com.worker - There are 0 users.
[chime-1] INFO admin.com.worker - There are 0 users.
[chime-1] INFO admin.com.worker - There are 0 users.
[chime-1] INFO admin.com.worker - There are 0 users.
[chime-1] INFO admin.com.worker - There are 0 users.
[chime-1] INFO admin.com.worker - There are 0 users.
[chime-1] INFO admin.com.worker - There are 0 users.
[chime-1] INFO admin.com.worker - There are 0 users.
[chime-1] INFO admin.com.worker - There are 0 users.
[chime-1] INFO admin.com.worker - There are 0 users.
[chime-1] INFO admin.com.worker - There are 0 users.
[chime-1] INFO admin.com.worker - There are 0 users.
[chime-1] INFO admin.com.worker - There are 0 users.
[chime-1] INFO admin.com.worker - There are 0 users.
[chime-1] INFO admin.com.worker - There are 0 users.
[chime-1] INFO admin.com.worker - There are 0 users.
[chime-1] INFO admin.com.worker - There are 0 users.
[chime-1] INFO admin.com.worker - There are 0 users.
[chime-1] INFO admin.com.worker - There are 0 users.
[chime-1] INFO admin.com.worker - There are 0 users.
[chime-1] INFO admin.com.worker - There are 0 users.
[chime-1] INFO admin.com.worker - There are 0 users.
[chime-1] INFO admin.com.worker - There are 0 users.
[chime-1] INFO admin.com.worker - There are 0 users.
[chime-1] INFO admin.com.worker - There are 0 users.
[chime-1] INFO admin.com.worker - There are 0 users.
[chime-1] INFO admin.com.worker - There are 0 users.
[chime-1] INFO admin.com.worker - There are 0 users.
[chime-1] INFO admin.com.worker - There are 0 users.
[chime-1] INFO admin.com.worker - There are 0 users.
[chime-1] INFO admin.com.worker - There are 0 users.
[chime-1] INFO admin.com.worker - There are 0 users.
[chime-1] INFO admin.com.worker - There are 0 users.
[chime-1] INFO admin.com.worker - There are 0 users.
[chime-1] INFO admin.com.worker - There are 0 users.
[chime-1] INFO admin.com.worker - There are 0 users.
[chime-1] INFO admin.com.worker - There are 0 users.
[chime-1] INFO admin.com.worker - There are 0 users.
[chime-1] INFO admin.com.worker - There are 0 users.
[chime-1] INFO admin.com.worker - There are 0 users.
[chime-1] INFO admin.com.worker - There are 0 users.
[chime-1] INFO admin.com.worker - There are 0 users.
[chime-1] INFO admin.com.worker - There are 0 users.
[chime-1] INFO admin.com.worker - There are 0 users.
[chime-1] INFO admin.com.worker - There are 0 users.
[chime-1] INFO admin.com.worker - There are 0 users.
[chime-1] INFO admin.com.worker - There are 0 users.
[chime-1] INFO admin.com.worker - There are 0 users.
[chime-1] INFO admin.com.worker - There are 0 users.
[chime-1] INFO admin.com.worker - There are 0 users.
[chime-1] INFO admin.com.worker - There are 0 users.
[chime-1] INFO admin.com.worker - There are 0 users.
[chime-1] INFO admin.com.worker - There are 0 users.
[chime-1] INFO admin.com.worker - There are 0 users.
[chime-1] INFO admin.com.worker - There are 0 users.
[chime-1] INFO admin.com.worker - There are 0 users.
[chime-1] INFO admin.com.worker - There are 0 users.
[chime-1] INFO admin.com.worker - There are 0 users.
[chime-1] INFO admin.com.worker - There are 0 users.
[chime-1] INFO admin.com.worker - There are 0 users.
[chime-1] INFO admin.com.worker - There are 0 users.
[chime-1] INFO admin.com.worker - There are 0 users.
[chime-1] INFO admin.com.worker - There are 0 users.
[chime-1] INFO admin.com.worker - There are 0 users.
[chime-1] INFO admin.com.worker - There are 0 users.
[chime-1] INFO admin.com.worker - There are 0 users.
[chime-1] INFO admin.com.worker - There are 0 users.
[chime-1] INFO admin.com.worker - There are 0 users.
[chime-1] INFO admin.com.worker - There are 0 users.
[chime-1] INFO admin.com.worker - There are 0 users.
[chime-1] INFO admin.com.worker - There are 0 users.
[chime-1] INFO admin.com.worker - There are 0 users.
[chime-1] INFO admin.com.worker - There are 0 users.
[chime-1] INFO admin.com.worker - There are 0 users.
[chime-1] INFO admin.com.worker - There are 0 users.
[chime-1] INFO admin.com.worker - There are 0 users.
[chime-1] INFO admin.com.worker - There are 0 users.
[chime-1] INFO admin.com.worker - There are 0 users.
[chime-1] INFO admin.com.worker - There are 0 users.
[chime-1] INFO admin.com.worker - There are 0 users.
[chime-1] INFO admin.com.worker - There are 0 users.
[chime-1] INFO admin.com.worker - There are 0 users.
[chime-1] INFO admin.com.worker - There are 0 users.
[chime-1] INFO admin.com.worker - There are 0 users.
[chime-1] INFO admin.com.worker - There are 0 users.
[chime-1] INFO admin.com.worker - There are 0 users.
[chime-1] INFO admin.com.worker - There are 0 users.
[chime-1] INFO admin.com.worker - There are 0 users.
[chime-1] INFO admin.com.worker - There are 0 users.
[chime-1] INFO admin.com.worker - There are 0 users.
[chime-1] INFO admin.com.worker - There are 0 users.
[chime-1] INFO admin.com.worker - There are 0 users.
[chime-1] INFO admin.com.worker - There are 0 users.
[chime-1] INFO admin.com.worker - There are 0 users.
[chime-1] INFO admin.com.worker - There are 0 users.
[chime-1] INFO admin.com.worker - There are 0 users.
[chime-1] INFO admin.com.worker - There are 0 users.
[chime-1] INFO admin.com.worker - There are 0 users.
[chime-1] INFO admin.com.worker - There are 0 users.
[chime-1] INFO admin.com.worker - There are 0 users.
[chime-1] INFO admin.com.worker - There are 0 users.
[chime-1] INFO admin.com.worker - There are 0 users.
[chime-1] INFO admin.com.worker - There are 0 users.
[chime-1] INFO admin.com.worker - There are 0 users.
[chime-1] INFO admin.com.worker - There are 0 users.
[chime-1] INFO admin.com.worker - There are 0 users.
[chime-1] INFO admin.com.worker - There are 0 users.
[chime-1] INFO admin.com.worker - There are 0 users.
[chime-1] INFO admin.com.worker - There are 0 users.
[chime-1] INFO admin.com.worker - There are 0 users.
[chime-1] INFO admin.com.worker - There are 0 users.
[chime-1] INFO admin.com.worker - There are 0 users.
[chime-1] INFO admin.com.worker - There are 0 users.
[chime-1] INFO admin.com.worker - There are 0 users.
[chime-1] INFO admin.com.worker - There are 0 users.
[chime-1] INFO admin.com.worker - There are 0 users.
[chime-1] INFO admin.com.worker - There are 0 users.
[chime-1] INFO admin.com.worker - There are 0 users.
[chime-1] INFO admin.com.worker - There are 0 users.
[chime-1] INFO admin.com.worker - There are 0 users.
[chime-1] INFO admin.com.worker - There are 0 users.
[chime-1] INFO admin.com.worker - There are 0 users.
[chime-1] INFO admin.com.worker - There are 0 users.
[chime-1] INFO admin.com.worker - There are 0 users.
[chime-1] INFO admin.com.worker - There are 0 users.
[chime-1] INFO admin.com.worker - There are 0 users.
[chime-1] INFO admin.com.worker - There are 0 users.
[chime-1] INFO admin.com.worker - There are 0 users.
[chime-1] INFO admin.com.worker - There are 0 users.
[chime-1] INFO admin.com.worker - There are 0 users.
[chime-1] INFO admin.com.worker - There are 0 users.
[chime-1] INFO admin.com.worker - There are 0 users.
[chime-1] INFO admin.com.worker - There are 0 users.
[chime-1] INFO admin.com.worker - There are 0 users.
[chime-1] INFO admin.com.worker - There are 0 users.
[chime-1] INFO admin.com.worker - There are 0 users.
[chime-1] INFO admin.com.worker - There are 0 users.
[chime-1] INFO admin.com.worker - There are 0 users.
[chime-1] INFO admin.com.worker - There are 0 users.
[chime-1] INFO admin.com.worker - There are 0 users.
[chime-1] INFO admin.com.worker - There are 0 users.
[chime-1] INFO admin.com.worker - There are 0 users.
[chime-1] INFO admin.com.worker - There are 0 users.
[chime-1] INFO admin.com.worker - There are 0 users.
[chime-1] INFO admin.com.worker - There are 0 users.
[chime-1] INFO admin.com.worker - There are 0 users.
[chime-1] INFO admin.com.worker - There are 0 users.
[chime-1] INFO admin.com.worker - There are 0 users.
[chime-1] INFO admin.com.worker - There are 0 users.
[chime-1] INFO admin.com.worker - There are 0 users.
[chime-1] INFO admin.com.worker - There are 0 users.
[chime-1] INFO admin.com.worker - There are 0 users.
[chime-1] INFO admin.com.worker - There are 0 users.
[chime-1] INFO admin.com.worker - There are 0 users.
[chime-1] INFO admin.com.worker - There are 0 users.
[chime-1] INFO admin.com.worker - There are 0 users.
[chime-1] INFO admin.com.worker - There are 0 users.
[chime-1] INFO admin.com.worker - There are 0 users.
[chime-1] INFO admin.com.worker - There are 0 users.
[chime-1] INFO admin.com.worker - There are 0 users.
[chime-1] INFO admin.com.worker - There are 0 users.
[chime-1] INFO admin.com.worker - There are 0 users.
[chime-1] INFO admin.com.worker - There are 0 users.
[chime-1] INFO admin.com.worker - There are 0 users.
[chime-1] INFO admin.com.worker - There are 0 users.
[chime-1] INFO admin.com.worker - There are 0 users.
[chime-1] INFO admin.com.worker - There are 0 users.
[chime-1] INFO admin.com.worker - There are 0 users.
[chime-1] INFO admin.com.worker - There are 0 users.
[chime-1] INFO admin.com.worker - There are 0 users.
[chime-1] INFO admin.com.worker - There are 0 users.
[chime-1] INFO admin.com.worker - There are 0 users.
[chime-1] INFO admin.com.worker - There are 0 users.
[chime-1] INFO admin.com.worker - There are 0 users.
[chime-1] INFO admin.com.worker - There are 0 users.
[chime-1] INFO admin.com.worker - There are 0 users.
[chime-1] INFO admin.com.worker - There are 0 users.
[chime-1] INFO admin.com.worker - There are 0 users.
[chime-1] INFO admin.com.worker - There are 0 users.
[chime-1] INFO admin.com.worker - There are 0 users.
[chime-1] INFO admin.com.worker - There are 0 users.
[chime-1] INFO admin.com.worker - There are 0 users.
[chime-1] INFO admin.com.worker - There are 0 users.
[chime-1] INFO admin.com.worker - There are 0 users.
[chime-1] INFO admin.com.worker - There are 0 users.
[chime-1] INFO admin.com.worker - There are 0 users.
[chime-1] INFO admin.com.worker - There are 0 users.
[chime-1] INFO admin.com.worker - There are 0 users.
[chime-1] INFO admin.com.worker - There are 0 users.
[chime-1] INFO admin.com.worker - There are 0 users.
[chime-1] INFO admin.com.worker - There are 0 users.
[chime-1] INFO admin.com.worker - There are 0 users.
[chime-1] INFO admin.com.worker - There are 0 users.
[chime-1] INFO admin.com.worker - There are 0 users.
[chime-1] INFO admin.com.worker - There are 0 users.
[chime-1] INFO admin.com.worker - There are 0 users.
[chime-1] INFO admin.com.worker - There are 0 users.
[chime-1] INFO admin.com.worker - There are 0 users.
[chime-1] INFO admin.com.worker - There are 0 users.
[chime-1] INFO admin.com.worker - There are 0 users.
[chime-1] INFO admin.com.worker - There are 0 users.
[chime-1] INFO admin.com.worker - There are 0 users.
[chime-1] INFO admin.com.worker - There are 0 users.
[chime-1] INFO admin.com.worker - There are 0 users.
[chime-1] INFO admin.com.worker - There are 0 users.
[chime-1] INFO admin.com.worker - There are 0 users.
[chime-1] INFO admin.com.worker - There are 0 users.
[chime-1] INFO admin.com.worker - There are 0 users.
[chime-1] INFO admin.com.worker - There are 0 users.
[chime-1] INFO admin.com.worker - There are 0 users.
[chime-1] INFO admin.com.worker - There are 0 users.
[chime-1] INFO admin.com.worker - There are 0 users.
[chime-1] INFO admin.com.worker - There are 0 users.
[chime-1] INFO admin.com.worker - There are 0 users.
[chime-1] INFO admin.com.worker - There are 0 users.
[chime-1] INFO admin.com.worker - There are 0 users.
[chime-1] INFO admin.com.worker - There are 0 users.
[chime-1] INFO admin.com.worker - There are 0 users.
[chime-1] INFO admin.com.worker - There are 0 users.
[chime-1] INFO admin.com.worker - There are 0 users.
[chime-1] INFO admin.com.worker - There are 0 users.
[chime-1] INFO admin.com.worker - There are 0 users.
[chime-1] INFO admin.com.worker - There are 0 users.
[chime-1] INFO admin.com.worker - There are 0 users.
[chime-1] INFO admin.com.worker - There are 0 users.
[chime-1] INFO admin.com.worker - There are 0 users.
[chime-1] INFO admin.com.worker - There are 0 users.
[chime-1] INFO admin.com.worker - There are 0 users.
[chime-1] INFO admin.com.worker - There are 0 users.
[chime-1] INFO admin.com.worker - There are 0 users.
[chime-1] INFO admin.com.worker - There are 0 users.
[chime-1] INFO admin.com.worker - There are 0 users.
[chime-1] INFO admin.com.worker - There are 0 users.
[chime-1] INFO admin.com.worker - There are 0 users.
[chime-1] INFO admin.com.worker - There are 0 users.
[chime-1] INFO admin.com.worker - There are 0 users.
[chime-1] INFO admin.com.worker - There are 0 users.
[chime-1] INFO admin.com.worker - There are 0 users.
[chime-1] INFO admin.com.worker - There are 0 users.
[chime-1] INFO admin.com.worker - There are 0 users.
[chime-1] INFO admin.com.worker - There are 0 users.
[chime-1] INFO admin.com.worker - There are 0 users.
[chime-1] INFO admin.com.worker - There are 0 users.
[chime-1] INFO admin.com.worker - There are 0 users.
[chime-1] INFO admin.com.worker - There are 0 users.
[chime-1] INFO admin.com.worker - There are 0 users.
[chime-1] INFO admin.com.worker - There are 0 users.
[chime-1] INFO admin.com.worker - There are 0 users.
[chime-1] INFO admin.com.worker - There are 0 users.
[chime-1] INFO admin.com.worker - There are 0 users.
[chime-1] INFO admin.com.worker - There are 0 users.
[chime-1] INFO admin.com.worker - There are 0 users.
[chime-1] INFO admin.com.worker - There are 0 users.
[chime-1] INFO admin.com.worker - There are 0 users.
[chime-1] INFO admin.com.worker - There are 0 users.
[chime-1] INFO admin.com.worker - There are 0 users.
[chime-1] INFO admin.com.worker - There are 0 users.
[chime-1] INFO admin.com.worker - There are 0 users.
[chime-1] INFO admin.com.worker - There are 0 users.
[chime-1] INFO admin.com.worker - There are 0 users.
[chime-1] INFO admin.com.worker - There are 0 users.
[chime-1] INFO admin.com.worker - There are 0 users.
[chime-1] INFO admin.com.worker - There are 0 users.
[chime-1] INFO admin.com.worker - There are 0 users.
[chime-1] INFO admin.com.worker - There are 0 users.
[chime-1] INFO admin.com.worker - There are 0 users.
[chime-1] INFO admin.com.worker - There are 0 users.
[chime-1] INFO admin.com.worker - There are 0 users.
[chime-1] INFO admin.com.worker - There are 0 users.
[chime-1] INFO admin.com.worker - There are 0 users.
[chime-1] INFO admin.com.worker - There are 0 users.
[chime-1] INFO admin.com.worker - There are 0 users.
[chime-1] INFO admin.com.worker - There are 0 users.
[chime-1] INFO admin.com.worker - There are 0 users.
[chime-1] INFO admin.com.worker - There are 0 users.
[chime-1] INFO admin.com.worker - There are 0 users.
[chime-1] INFO admin.com.worker - There are 0 users.
[chime-1] INFO admin.com.worker - There are 0 users.
[chime-1] INFO admin.com.worker - There are 0 users.
[chime-1] INFO admin.com.worker - There are 0 users.
[chime-1] INFO admin.com.worker - There are 0 users.
[chime-1] INFO admin.com.worker - There are 0 users.
[chime-1] INFO admin.com.worker - There are 0 users.
[chime-1] INFO admin.com.worker - There are 0 users.
[chime-1] INFO admin.com.worker - There are 0 users.
[chime-1] INFO admin.com.worker - There are 0 users.
[chime-1] INFO admin.com.worker - There are 0 users.
[chime-1] INFO admin.com.worker - There are 0 users.
[chime-1] INFO admin.com.worker - There are 0 users.
[chime-1] INFO admin.com.worker - There are 0 users.
[chime-1] INFO admin.com.worker - There are 0 users.
[chime-1] INFO admin.com.worker - There are 0 users.
[chime-1] INFO admin.com.worker - There are 0 users.
[chime-1] INFO admin.com.worker - There are 0 users.
[chime-1] INFO admin.com.worker - There are 0 users.
[chime-1] INFO admin.com.worker - There are 0 users.
[chime-1] INFO admin.com.worker - There are 0 users.
[chime-1] INFO admin.com.worker - There are 0 users.
[chime-1] INFO admin.com.worker - There are 0 users.
[chime-1] INFO admin.com.worker - There are 0 users.
[chime-1] INFO admin.com.worker - There are 0 users.
[chime-1] INFO admin.com.worker - There are 0 users.
[chime-1] INFO admin.com.worker - There are 0 users.
[chime-1] INFO admin.com.worker - There are 0 users.
[chime-1] INFO admin.com.worker - There are 0 users.
[chime-1] INFO admin.com.worker - There are 0 users.
[chime-1] INFO admin.com.worker - There are 0 users.
[chime-1] INFO admin.com.worker - There are 0 users.
[chime-1] INFO admin.com.worker - There are 0 users.
[chime-1] INFO admin.com.worker - There are 0 users.
[chime-1] INFO admin.com.worker - There are 0 users.
[chime-1] INFO admin.com.worker - There are 0 users.
[chime-1] INFO admin.com.worker - There are 0 users.
[chime-1] INFO admin.com.worker - There are 0 users.
[chime-1] INFO admin.com.worker - There are 0 users.
[chime-1] INFO admin.com.worker - There are 0 users.
[chime-1] INFO admin.com.worker - There are 0 users.
[chime-1] INFO admin.com.worker - There are 0 users.
[chime-1] INFO admin.com.worker - There are 0 users.
[chime-1] INFO admin.com.worker - There are 0 users.
[chime-1] INFO admin.com.worker - There are 0 users.
[chime-1] INFO admin.com.worker - There are 0 users.
[chime-1] INFO admin.com.worker - There are 0 users.
[chime-1] INFO admin.com.worker - There are 0 users.
[chime-1] INFO admin.com.worker - There are 0 users.
[chime-1] INFO admin.com.worker - There are 0 users.
[chime-1] INFO admin.com.worker - There are 0 users.
[chime-1] INFO admin.com.worker - There are 0 users.
[chime-1] INFO admin.com.worker - There are 0 users.
[chime-1] INFO admin.com.worker - There are 0 users.
[chime-1] INFO admin.com.worker - There are 0 users.
[chime-1] INFO admin.com.worker - There are 0 users.
[chime-1] INFO admin.com.worker - There are 0 users.
[chime-1] INFO admin.com.worker - There are 0 users.
[chime-1] INFO admin.com.worker - There are 0 users.
[chime-1] INFO admin.com.worker - There are 0 users.
[chime-1] INFO admin.com.worker - There are 0 users.
[chime-1] INFO admin.com.worker - There are 0 users.
[chime-1] INFO admin.com.worker - There are 0 users.
[chime-1] INFO admin.com.worker - There are 0 users.
[chime-1] INFO admin.com.worker - There are 0 users.
[chime-1] INFO admin.com.worker - There are 0 users.
[chime-1] INFO admin.com.worker - There are 0 users.
[chime-1] INFO admin.com.worker - There are 0 users.
[chime-1] INFO admin.com.worker - There are 0 users.
[chime-1] INFO admin.com.worker - There are 0 users.
[chime-1] INFO admin.com.worker - There are 0 users.
[chime-1] INFO admin.com.worker - There are 0 users.
[chime-1] INFO admin.com.worker - There are 0 users.
[chime-1] INFO admin.com.worker - There are 0 users.
[chime-1] INFO admin.com.worker - There are 0 users.
[chime-1] INFO admin.com.worker - There are 0 users.
[chime-1] INFO admin.com.worker - There are 0 users.
[chime-1] INFO admin.com.worker - There are 0 users.
[chime-1] INFO admin.com.worker - There are 0 users.
[chime-1] INFO admin.com.worker - There are 0 users.
[chime-1] INFO admin.com.worker - There are 0 users.
[chime-1] INFO admin.com.worker - There are 0 users.
[chime-1] INFO admin.com.worker - There are 0 users.
[chime-1] INFO admin.com.worker - There are 0 users.
[chime-1] INFO admin.com.worker - There are 0 users.
[chime-1] INFO admin.com.worker - There are 0 users.
[chime-1] INFO admin.com.worker - There are 0 users.
[chime-1] INFO admin.com.worker - There are 0 users.
[chime-1] INFO admin.com.worker - There are 0 users.
[chime-1] INFO admin.com.worker - There are 0 users.
[chime-1] INFO admin.com.worker - There are 0 users.
[chime-1] INFO admin.com.worker - There are 0 users.
[chime-1] INFO admin.com.worker - There are 0 users.
[chime-1] INFO admin.com.worker - There are 0 users.
[chime-1] INFO admin.com.worker - There are 0 users.
[chime-1] INFO admin.com.worker - There are 0 users.
[chime-1] INFO admin.com.worker - There are 0 users.
[chime-1] INFO admin.com.worker - There are 0 users.
[chime-1] INFO admin.com.worker - There are 0 users.
[chime-1] INFO admin.com.worker - There are 0 users.
[chime-1] INFO admin.com.worker - There are 0 users.
[chime-1] INFO admin.com.worker - There are 0 users.
[chime-1] INFO admin.com.worker - There are 0 users.
[chime-1] INFO admin.com.worker - There are 0 users.
[chime-1] INFO admin.com.worker - There are 0 users.
[chime-1] INFO admin.com.worker - There are 0 users.
[chime-1] INFO admin.com.worker - There are 0 users.
[chime-1] INFO admin.com.worker - There are 0 users.
[chime-1] INFO admin.com.worker - There are 0 users.
[chime-1] INFO admin.com.worker - There are 0 users.
[chime-1] INFO admin.com.worker - There are 0 users.
[chime-1] INFO admin.com.worker - There are 0 users.
[chime-1] INFO admin.com.worker - There are 0 users.
[chime-1] INFO admin.com.worker - There are 0 users.
[chime-1] INFO admin.com.worker - There are 0 users.
[chime-1] INFO admin.com.worker - There are 0 users.
[chime-1] INFO admin.com.worker - There are 0 users.
[chime-1] INFO admin.com.worker - There are 0 users.
[chime-1] INFO admin.com.worker - There are 0 users.
[chime-1] INFO admin.com.worker - There are 0 users.
[chime-1] INFO admin.com.worker - There are 0 users.
[chime-1] INFO admin.com.worker - There are 0 users.
[chime-1] INFO admin.com.worker - There are 0 users.
[chime-1] INFO admin.com.worker - There are 0 users.
[chime-1] INFO admin.com.worker - There are 0 users.
[chime-1] INFO admin.com.worker - There are 0 users.
[chime-1] INFO admin.com.worker - There are 0 users.
[chime-1] INFO admin.com.worker - There are 0 users.
[chime-1] INFO admin.com.worker - There are 0 users.
[chime-1] INFO admin.com.worker - There are 0 users.
[chime-1] INFO admin.com.worker - There are 0 users.
[chime-1] INFO admin.com.worker - There are 0 users.
[chime-1] INFO admin.com.worker - There are 0 users.
[chime-1] INFO admin.com.worker - There are 0 users.
[chime-1] INFO admin.com.worker - There are 0 users.
[chime-1] INFO admin.com.worker - There are 0 users.
[chime-1] INFO admin.com.worker - There are 0 users.
[chime-1] INFO admin.com.worker - There are 0 users.
[chime-1] INFO admin.com.worker - There are 0 users.
[chime-1] INFO admin.com.worker - There are 0 users.
[chime-1] INFO admin.com.worker - There are 0 users.
[chime-1] INFO admin.com.worker - There are 0 users.
[chime-1] INFO admin.com.worker - There are 0 users.
[chime-1] INFO admin.com.worker - There are 0 users.
[chime-1] INFO admin.com.worker - There are 0 users.
[chime-1] INFO admin.com.worker - There are 0 users.
[chime-1] INFO admin.com.worker - There are 0 users.
[chime-1] INFO admin.com.worker - There are 0 users.
[chime-1] INFO admin.com.worker - There are 0 users.
[chime-1] INFO admin.com.worker - There are 0 users.
[chime-1] INFO admin.com.worker - There are 0 users.
[chime-1] INFO admin.com.worker - There are 0 users.
[chime-1] INFO admin.com.worker - There are 0 users.
[chime-1] INFO admin.com.worker - There are 0 users.
[chime-1] INFO admin.com.worker - There are 0 users.
[chime-1] INFO admin.com.worker - There are 0 users.
[chime-1] INFO admin.com.worker - There are 0 users.
[chime-1] INFO admin.com.worker - There are 0 users.
[chime-1] INFO admin.com.worker - There are 0 users.
[chime-1] INFO admin.com.worker - There are 0 users.
[chime-1] INFO admin.com.worker - There are 0 users.
[chime-1] INFO admin.com.worker - There are 0 users.
[chime-1] INFO admin.com.worker - There are 0 users.
[chime-1] INFO admin.com.worker - There are 0 users.
[chime-1] INFO admin.com.worker - There are 0 users.
[chime-1] INFO admin.com.worker - There are 0 users.
[chime-1] INFO admin.com.worker - There are 0 users.
[chime-1] INFO admin.com.worker - There are 0 users.
[chime-1] INFO admin.com.worker - There are 0 users.
[chime-1] INFO admin.com.worker - There are 0 users.
[chime-1] INFO admin.com.worker - There are 0 users.
[chime-1] INFO admin.com.worker - There are 0 users.
[chime-1] INFO admin.com.worker - There are 0 users.
[chime-1] INFO admin.com.worker - There are 0 users.
[chime-1] INFO admin.com.worker - There are 0 users.
[chime-1] INFO admin.com.worker - There are 0 users.
[chime-1] INFO admin.com.worker - There are 0 users.
[chime-1] INFO admin.com.worker - There are 0 users.
[chime-1] INFO admin.com.worker - There are 0 users.
[chime-1] INFO admin.com.worker - There are 0 users.
[chime-1] INFO admin.com.worker - There are 0 users.
[chime-1] INFO admin.com.worker - There are 0 users.
[chime-1] INFO admin.com.worker - There are 0 users.
[chime-1] INFO admin.com.worker - There are 0 users.
[chime-1] INFO admin.com.worker - There are 0 users.
[chime-1] INFO admin.com.worker - There are 0 users.
[chime-1] INFO admin.com.worker - There are 0 users.
[chime-1] INFO admin.com.worker - There are 0 users.
[chime-1] INFO admin.com.worker - There are 0 users.
[chime-1] INFO admin.com.worker - There are 0 users.
[chime-1] INFO admin.com.worker - There are 0 users.
[chime-1] INFO admin.com.worker - There are 0 users.
[chime-1] INFO admin.com.worker - There are 0 users.
[chime-1] INFO admin.com.worker - There are 0 users.
[chime-1] INFO admin.com.worker - There are 0 users.
[chime-1] INFO admin.com.worker - There are 0 users.
[chime-1] INFO admin.com.worker - There are 0 users.
[chime-1] INFO admin.com.worker - There are 0 users.
[chime-1] INFO admin.com.worker - There are 0 users.
[chime-1] INFO admin.com.worker - There are 0 users.
[chime-1] INFO admin.com.worker - There are 0 users.
[chime-1] INFO admin.com.worker - There are 0 users.
[chime-1] INFO admin.com.worker - There are 0 users.
[chime-1] INFO admin.com.worker - There are 0 users.
[chime-1] INFO admin.com.worker - There are 0 users.
[chime-1] INFO admin.com.worker - There are 0 users.
[chime-1] INFO admin.com.worker - There are 0 users.
[chime-1] INFO admin.com.worker - There are 0 users.
[chime-1] INFO admin.com.worker - There are 0 users.
[chime-1] INFO admin.com.worker - There are 0 users.
[chime-1] INFO admin.com.worker - There are 0 users.
[chime-1] INFO admin.com.worker - There are 0 users.
[chime-1] INFO admin.com.worker - There are 0 users.
[chime-1] INFO admin.com.worker - There are 0 users.
[chime-1] INFO admin.com.worker - There are 0 users.
[chime-1] INFO admin.com.worker - There are 0 users.
[chime-1] INFO admin.com.worker - There are 0 users.
[chime-1] INFO admin.com.worker - There are 0 users.
[chime-1] INFO admin.com.worker - There are 0 users.
[chime-1] INFO admin.com.worker - There are 0 users.
[chime-1] INFO admin.com.worker - There are 0 users.
[chime-1] INFO admin.com.worker - There are 0 users.
[chime-1] INFO admin.com.worker - There are 0 users.
[chime-1] INFO admin.com.worker - There are 0 users.
[chime-1] INFO admin.com.worker - There are 0 users.
[chime-1] INFO admin.com.worker - There are 0 users.
[chime-1] INFO admin.com.worker - There are 0 users.
[chime-1] INFO admin.com.worker - There are 0 users.
[chime-1] INFO admin.com.worker - There are 0 users.
[chime-1] INFO admin.com.worker - There are 0 users.
[chime-1] INFO admin.com.worker - There are 0 users.
[chime-1] INFO admin.com.worker - There are 0 users.
[chime-1] INFO admin.com.worker - There are 0 users.
[chime-1] INFO admin.com.worker - There are 0 users.
[chime-1] INFO admin.com.worker - There are 0 users.
[chime-1] INFO admin.com.worker - There are 0 users.
[chime-1] INFO admin.com.worker - There are 0 users.
[chime-1] INFO admin.com.worker - There are 0 users.
[chime-1] INFO admin.com.worker - There are 0 users.
[chime-1] INFO admin.com.worker - There are 0 users.
[chime-1] INFO admin.com.worker - There are 0 users.
[chime-1] INFO admin.com.worker - There are 0 users.
[chime-1] INFO admin.com.worker - There are 0 users.
[chime-1] INFO admin.com.worker - There are 0 users.
[chime-1] INFO admin.com.worker - There are 0 users.
[chime-1] INFO admin.com.worker - There are 0 users.
[chime-1] INFO admin.com.worker - There are 0 users.
[chime-1] INFO admin.com.worker - There are 0 users.
[chime-1] INFO admin.com.worker - There are 0 users.
[chime-1] INFO admin.com.worker - There are 0 users.
[chime-1] INFO admin.com.worker - There are 0 users.
[chime-1] INFO admin.com.worker - There are 0 users.
[chime-1] INFO admin.com.worker - There are 0 users.
[chime-1] INFO admin.com.worker - There are 0 users.
[chime-1] INFO admin.com.worker - There are 0 users.
[chime-1] INFO admin.com.worker - There are 0 users.
[chime-1] INFO admin.com.worker - There are 0 users.
[chime-1] INFO admin.com.worker - There are 0 users.
[chime-1] INFO admin.com.worker - There are 0 users.
[chime-1] INFO admin.com.worker - There are 0 users.
[chime-1] INFO admin.com.worker - There are 0 users.
[chime-1] INFO admin.com.worker - There are 0 users.
[chime-1] INFO admin.com.worker - There are 0 users.
[chime-1] INFO admin.com.worker - There are 0 users.
[chime-1] INFO admin.com.worker - There are 0 users.
[chime-1] INFO admin.com.worker - There are 0 users.
[chime-1] INFO admin.com.worker - There are 0 users.
[chime-1] INFO admin.com.worker - There are 0 users.
[chime-1] INFO admin.com.worker - There are 0 users.
[chime-1] INFO admin.com.worker - There are 0 users.
[chime-1] INFO admin.com.worker - There are 0 users.
[chime-1] INFO admin.com.worker - There are 0 users.
[chime-1] INFO admin.com.worker - There are 0 users.
[chime-1] INFO admin.com.worker - There are 0 users.
[chime-1] INFO admin.com.worker - There are 0 users.
[chime-1] INFO admin.com.worker - There are 0 users.
[chime-1] INFO admin.com.worker - There are 0 users.
[chime-1] INFO admin.com.worker - There are 0 users.
[chime-1] INFO admin.com.worker - There are 0 users.
[chime-1] INFO admin.com.worker - There are 0 users.
[chime-1] INFO admin.com.worker - There are 0 users.
